[2024-01-29 20:25:51] local.ERROR: Illuminate\Foundation\MaintenanceModeManager::createFileDriver(): Return value must be of type Illuminate\Foundation\FileBasedMaintenanceMode, Illuminate\Foundation\FileBasedMaintenanceMode returned {"exception":"[object] (TypeError(code: 0): Illuminate\\Foundation\\MaintenanceModeManager::createFileDriver(): Return value must be of type Illuminate\\Foundation\\FileBasedMaintenanceMode, Illuminate\\Foundation\\FileBasedMaintenanceMode returned at C:\\wamp64\\www\\advocatego-saas-legal-practice-management\\main-file\\vendor\\laravel\\framework\\src\\Illuminate\\Foundation\\MaintenanceModeManager.php:16)
[stacktrace]
#0 C:\\wamp64\\www\\advocatego-saas-legal-practice-management\\main-file\\vendor\\laravel\\framework\\src\\Illuminate\\Support\\Manager.php(106): Illuminate\\Foundation\\MaintenanceModeManager->createFileDriver()
#1 C:\\wamp64\\www\\advocatego-saas-legal-practice-management\\main-file\\vendor\\laravel\\framework\\src\\Illuminate\\Support\\Manager.php(80): Illuminate\\Support\\Manager->createDriver('file')
#2 C:\\wamp64\\www\\advocatego-saas-legal-practice-management\\main-file\\vendor\\laravel\\framework\\src\\Illuminate\\Foundation\\Providers\\FoundationServiceProvider.php(193): Illuminate\\Support\\Manager->driver()
#3 C:\\wamp64\\www\\advocatego-saas-legal-practice-management\\main-file\\vendor\\laravel\\framework\\src\\Illuminate\\Container\\Container.php(908): Illuminate\\Foundation\\Providers\\FoundationServiceProvider->Illuminate\\Foundation\\Providers\\{closure}(Object(Illuminate\\Foundation\\Application), Array)
#4 C:\\wamp64\\www\\advocatego-saas-legal-practice-management\\main-file\\vendor\\laravel\\framework\\src\\Illuminate\\Container\\Container.php(795): Illuminate\\Container\\Container->build(Object(Closure))
#5 C:\\wamp64\\www\\advocatego-saas-legal-practice-management\\main-file\\vendor\\laravel\\framework\\src\\Illuminate\\Foundation\\Application.php(937): Illuminate\\Container\\Container->resolve('Illuminate\\\\Cont...', Array, true)
#6 C:\\wamp64\\www\\advocatego-saas-legal-practice-management\\main-file\\vendor\\laravel\\framework\\src\\Illuminate\\Container\\Container.php(731): Illuminate\\Foundation\\Application->resolve('Illuminate\\\\Cont...', Array)
#7 C:\\wamp64\\www\\advocatego-saas-legal-practice-management\\main-file\\vendor\\laravel\\framework\\src\\Illuminate\\Foundation\\Application.php(922): Illuminate\\Container\\Container->make('Illuminate\\\\Cont...', Array)
#8 C:\\wamp64\\www\\advocatego-saas-legal-practice-management\\main-file\\vendor\\laravel\\framework\\src\\Illuminate\\Foundation\\Application.php(1198): Illuminate\\Foundation\\Application->make('Illuminate\\\\Cont...')
#9 C:\\wamp64\\www\\advocatego-saas-legal-practice-management\\main-file\\vendor\\laravel\\framework\\src\\Illuminate\\Foundation\\Http\\Middleware\\PreventRequestsDuringMaintenance.php(54): Illuminate\\Foundation\\Application->maintenanceMode()
#10 C:\\wamp64\\www\\advocatego-saas-legal-practice-management\\main-file\\vendor\\laravel\\framework\\src\\Illuminate\\Pipeline\\Pipeline.php(180): Illuminate\\Foundation\\Http\\Middleware\\PreventRequestsDuringMaintenance->handle(Object(Illuminate\\Http\\Request), Object(Closure))
#11 C:\\wamp64\\www\\advocatego-saas-legal-practice-management\\main-file\\vendor\\laravel\\framework\\src\\Illuminate\\Http\\Middleware\\HandleCors.php(49): Illuminate\\Pipeline\\Pipeline->Illuminate\\Pipeline\\{closure}(Object(Illuminate\\Http\\Request))
#12 C:\\wamp64\\www\\advocatego-saas-legal-practice-management\\main-file\\vendor\\laravel\\framework\\src\\Illuminate\\Pipeline\\Pipeline.php(180): Illuminate\\Http\\Middleware\\HandleCors->handle(Object(Illuminate\\Http\\Request), Object(Closure))
#13 C:\\wamp64\\www\\advocatego-saas-legal-practice-management\\main-file\\vendor\\laravel\\framework\\src\\Illuminate\\Http\\Middleware\\TrustProxies.php(39): Illuminate\\Pipeline\\Pipeline->Illuminate\\Pipeline\\{closure}(Object(Illuminate\\Http\\Request))
#14 C:\\wamp64\\www\\advocatego-saas-legal-practice-management\\main-file\\vendor\\laravel\\framework\\src\\Illuminate\\Pipeline\\Pipeline.php(180): Illuminate\\Http\\Middleware\\TrustProxies->handle(Object(Illuminate\\Http\\Request), Object(Closure))
#15 C:\\wamp64\\www\\advocatego-saas-legal-practice-management\\main-file\\vendor\\laravel\\framework\\src\\Illuminate\\Pipeline\\Pipeline.php(116): Illuminate\\Pipeline\\Pipeline->Illuminate\\Pipeline\\{closure}(Object(Illuminate\\Http\\Request))
#16 C:\\wamp64\\www\\advocatego-saas-legal-practice-management\\main-file\\vendor\\laravel\\framework\\src\\Illuminate\\Foundation\\Http\\Kernel.php(175): Illuminate\\Pipeline\\Pipeline->then(Object(Closure))
#17 C:\\wamp64\\www\\advocatego-saas-legal-practice-management\\main-file\\vendor\\laravel\\framework\\src\\Illuminate\\Foundation\\Http\\Kernel.php(144): Illuminate\\Foundation\\Http\\Kernel->sendRequestThroughRouter(Object(Illuminate\\Http\\Request))
#18 C:\\wamp64\\www\\advocatego-saas-legal-practice-management\\main-file\\public\\index.php(51): Illuminate\\Foundation\\Http\\Kernel->handle(Object(Illuminate\\Http\\Request))
#19 C:\\wamp64\\www\\advocatego-saas-legal-practice-management\\main-file\\index.php(22): require_once('C:\\\\wamp64\\\\www\\\\a...')
#20 {main}
"} 
[2024-01-29 20:25:51] local.ERROR: Target [App\Http\Middleware\TrimStrings] is not instantiable. {"exception":"[object] (Illuminate\\Contracts\\Container\\BindingResolutionException(code: 0): Target [App\\Http\\Middleware\\TrimStrings] is not instantiable. at C:\\wamp64\\www\\advocatego-saas-legal-practice-management\\main-file\\vendor\\laravel\\framework\\src\\Illuminate\\Container\\Container.php:1126)
[stacktrace]
#0 C:\\wamp64\\www\\advocatego-saas-legal-practice-management\\main-file\\vendor\\laravel\\framework\\src\\Illuminate\\Container\\Container.php(921): Illuminate\\Container\\Container->notInstantiable('App\\\\Http\\\\Middle...')
#1 C:\\wamp64\\www\\advocatego-saas-legal-practice-management\\main-file\\vendor\\laravel\\framework\\src\\Illuminate\\Container\\Container.php(795): Illuminate\\Container\\Container->build('App\\\\Http\\\\Middle...')
#2 C:\\wamp64\\www\\advocatego-saas-legal-practice-management\\main-file\\vendor\\laravel\\framework\\src\\Illuminate\\Foundation\\Application.php(937): Illuminate\\Container\\Container->resolve('App\\\\Http\\\\Middle...', Array, true)
#3 C:\\wamp64\\www\\advocatego-saas-legal-practice-management\\main-file\\vendor\\laravel\\framework\\src\\Illuminate\\Container\\Container.php(731): Illuminate\\Foundation\\Application->resolve('App\\\\Http\\\\Middle...', Array)
#4 C:\\wamp64\\www\\advocatego-saas-legal-practice-management\\main-file\\vendor\\laravel\\framework\\src\\Illuminate\\Foundation\\Application.php(922): Illuminate\\Container\\Container->make('App\\\\Http\\\\Middle...', Array)
#5 C:\\wamp64\\www\\advocatego-saas-legal-practice-management\\main-file\\vendor\\laravel\\framework\\src\\Illuminate\\Pipeline\\Pipeline.php(169): Illuminate\\Foundation\\Application->make('App\\\\Http\\\\Middle...')
#6 C:\\wamp64\\www\\advocatego-saas-legal-practice-management\\main-file\\vendor\\laravel\\framework\\src\\Illuminate\\Foundation\\Http\\Middleware\\ValidatePostSize.php(27): Illuminate\\Pipeline\\Pipeline->Illuminate\\Pipeline\\{closure}(Object(Illuminate\\Http\\Request))
#7 C:\\wamp64\\www\\advocatego-saas-legal-practice-management\\main-file\\vendor\\laravel\\framework\\src\\Illuminate\\Pipeline\\Pipeline.php(180): Illuminate\\Foundation\\Http\\Middleware\\ValidatePostSize->handle(Object(Illuminate\\Http\\Request), Object(Closure))
#8 C:\\wamp64\\www\\advocatego-saas-legal-practice-management\\main-file\\vendor\\laravel\\framework\\src\\Illuminate\\Foundation\\Http\\Middleware\\PreventRequestsDuringMaintenance.php(99): Illuminate\\Pipeline\\Pipeline->Illuminate\\Pipeline\\{closure}(Object(Illuminate\\Http\\Request))
#9 C:\\wamp64\\www\\advocatego-saas-legal-practice-management\\main-file\\vendor\\laravel\\framework\\src\\Illuminate\\Pipeline\\Pipeline.php(180): Illuminate\\Foundation\\Http\\Middleware\\PreventRequestsDuringMaintenance->handle(Object(Illuminate\\Http\\Request), Object(Closure))
#10 C:\\wamp64\\www\\advocatego-saas-legal-practice-management\\main-file\\vendor\\laravel\\framework\\src\\Illuminate\\Http\\Middleware\\HandleCors.php(49): Illuminate\\Pipeline\\Pipeline->Illuminate\\Pipeline\\{closure}(Object(Illuminate\\Http\\Request))
#11 C:\\wamp64\\www\\advocatego-saas-legal-practice-management\\main-file\\vendor\\laravel\\framework\\src\\Illuminate\\Pipeline\\Pipeline.php(180): Illuminate\\Http\\Middleware\\HandleCors->handle(Object(Illuminate\\Http\\Request), Object(Closure))
#12 C:\\wamp64\\www\\advocatego-saas-legal-practice-management\\main-file\\vendor\\laravel\\framework\\src\\Illuminate\\Http\\Middleware\\TrustProxies.php(39): Illuminate\\Pipeline\\Pipeline->Illuminate\\Pipeline\\{closure}(Object(Illuminate\\Http\\Request))
#13 C:\\wamp64\\www\\advocatego-saas-legal-practice-management\\main-file\\vendor\\laravel\\framework\\src\\Illuminate\\Pipeline\\Pipeline.php(180): Illuminate\\Http\\Middleware\\TrustProxies->handle(Object(Illuminate\\Http\\Request), Object(Closure))
#14 C:\\wamp64\\www\\advocatego-saas-legal-practice-management\\main-file\\vendor\\laravel\\framework\\src\\Illuminate\\Pipeline\\Pipeline.php(116): Illuminate\\Pipeline\\Pipeline->Illuminate\\Pipeline\\{closure}(Object(Illuminate\\Http\\Request))
#15 C:\\wamp64\\www\\advocatego-saas-legal-practice-management\\main-file\\vendor\\laravel\\framework\\src\\Illuminate\\Foundation\\Http\\Kernel.php(175): Illuminate\\Pipeline\\Pipeline->then(Object(Closure))
#16 C:\\wamp64\\www\\advocatego-saas-legal-practice-management\\main-file\\vendor\\laravel\\framework\\src\\Illuminate\\Foundation\\Http\\Kernel.php(144): Illuminate\\Foundation\\Http\\Kernel->sendRequestThroughRouter(Object(Illuminate\\Http\\Request))
#17 C:\\wamp64\\www\\advocatego-saas-legal-practice-management\\main-file\\public\\index.php(51): Illuminate\\Foundation\\Http\\Kernel->handle(Object(Illuminate\\Http\\Request))
#18 C:\\wamp64\\www\\advocatego-saas-legal-practice-management\\main-file\\index.php(22): require_once('C:\\\\wamp64\\\\www\\\\a...')
#19 {main}
"} 
[2024-01-29 20:25:52] local.ERROR: Target [App\Http\Middleware\TrimStrings] is not instantiable. {"exception":"[object] (Illuminate\\Contracts\\Container\\BindingResolutionException(code: 0): Target [App\\Http\\Middleware\\TrimStrings] is not instantiable. at C:\\wamp64\\www\\advocatego-saas-legal-practice-management\\main-file\\vendor\\laravel\\framework\\src\\Illuminate\\Container\\Container.php:1126)
[stacktrace]
#0 C:\\wamp64\\www\\advocatego-saas-legal-practice-management\\main-file\\vendor\\laravel\\framework\\src\\Illuminate\\Container\\Container.php(921): Illuminate\\Container\\Container->notInstantiable('App\\\\Http\\\\Middle...')
#1 C:\\wamp64\\www\\advocatego-saas-legal-practice-management\\main-file\\vendor\\laravel\\framework\\src\\Illuminate\\Container\\Container.php(795): Illuminate\\Container\\Container->build('App\\\\Http\\\\Middle...')
#2 C:\\wamp64\\www\\advocatego-saas-legal-practice-management\\main-file\\vendor\\laravel\\framework\\src\\Illuminate\\Foundation\\Application.php(937): Illuminate\\Container\\Container->resolve('App\\\\Http\\\\Middle...', Array, true)
#3 C:\\wamp64\\www\\advocatego-saas-legal-practice-management\\main-file\\vendor\\laravel\\framework\\src\\Illuminate\\Container\\Container.php(731): Illuminate\\Foundation\\Application->resolve('App\\\\Http\\\\Middle...', Array)
#4 C:\\wamp64\\www\\advocatego-saas-legal-practice-management\\main-file\\vendor\\laravel\\framework\\src\\Illuminate\\Foundation\\Application.php(922): Illuminate\\Container\\Container->make('App\\\\Http\\\\Middle...', Array)
#5 C:\\wamp64\\www\\advocatego-saas-legal-practice-management\\main-file\\vendor\\laravel\\framework\\src\\Illuminate\\Foundation\\Http\\Kernel.php(255): Illuminate\\Foundation\\Application->make('App\\\\Http\\\\Middle...')
#6 C:\\wamp64\\www\\advocatego-saas-legal-practice-management\\main-file\\vendor\\laravel\\framework\\src\\Illuminate\\Foundation\\Http\\Kernel.php(213): Illuminate\\Foundation\\Http\\Kernel->terminateMiddleware(Object(Illuminate\\Http\\Request), Object(Illuminate\\Http\\Response))
#7 C:\\wamp64\\www\\advocatego-saas-legal-practice-management\\main-file\\public\\index.php(55): Illuminate\\Foundation\\Http\\Kernel->terminate(Object(Illuminate\\Http\\Request), Object(Illuminate\\Http\\Response))
#8 C:\\wamp64\\www\\advocatego-saas-legal-practice-management\\main-file\\index.php(22): require_once('C:\\\\wamp64\\\\www\\\\a...')
#9 {main}
"} 
